<?xml version="1.0" encoding="UTF-8"?>
<!-- Generated by org.testng.reporters.JUnitXMLReporter -->
<testsuite ignored="0" hostname="DESKTOP-9QJFTD7" failures="0" tests="4" name="Default test(failed)" time="0.067" errors="0" timestamp="2023-10-05T17:49:31 EDT">
  <testcase classname="Test.LoginTest" name="@BeforeMethod beforeMethod" time="0.007">
    <failure type="java.lang.NullPointerException" message="Cannot invoke &amp;quot;org.openqa.selenium.WebDriver.get(String)&amp;quot; because &amp;quot;this.driver&amp;quot; is null">
      <![CDATA[java.lang.NullPointerException: Cannot invoke "org.openqa.selenium.WebDriver.get(String)" because "this.driver" is null
at pages.LoginPage.openLoginPage(LoginPage.java:66)
at Test.LoginTest.beforeMethod(LoginTest.java:21)
at java.base/java.util.ArrayList.forEach(ArrayList.java:1511)
... Removed 31 stack frames]]>
    </failure>
  </testcase> <!-- @BeforeMethod beforeMethod -->
  <testcase classname="Test.LoginTest" name="@AfterMethod afterMethod" time="0.0">
    <skipped/>
  </testcase> <!-- @AfterMethod afterMethod -->
  <testcase classname="Test.LoginTest" name="@BeforeMethod beforeMethod" time="0.0">
    <skipped/>
  </testcase> <!-- @BeforeMethod beforeMethod -->
  <testcase classname="Test.LoginTest" name="@AfterMethod afterMethod" time="0.0">
    <skipped/>
  </testcase> <!-- @AfterMethod afterMethod -->
  <testcase classname="Test.LoginTest" name="@BeforeMethod beforeMethod" time="0.0">
    <skipped/>
  </testcase> <!-- @BeforeMethod beforeMethod -->
  <testcase classname="Test.LoginTest" name="@AfterMethod afterMethod" time="0.0">
    <skipped/>
  </testcase> <!-- @AfterMethod afterMethod -->
  <testcase classname="Test.LoginTest" name="@BeforeMethod beforeMethod" time="0.0">
    <skipped/>
  </testcase> <!-- @BeforeMethod beforeMethod -->
  <testcase classname="Test.LoginTest" name="@AfterMethod afterMethod" time="0.0">
    <skipped/>
  </testcase> <!-- @AfterMethod afterMethod -->
  <testcase classname="Test.LoginTest" name="loginWithSpecialCharEmailTest" time="0.0">
    <skipped/>
  </testcase> <!-- loginWithSpecialCharEmailTest -->
  <testcase classname="Test.LoginTest" name="loginWithEmptyEmailTest" time="0.0">
    <skipped/>
  </testcase> <!-- loginWithEmptyEmailTest -->
  <testcase classname="Test.LoginTest" name="loginWithEmptypasswordTest" time="0.0">
    <skipped/>
  </testcase> <!-- loginWithEmptypasswordTest -->
  <testcase classname="Test.LoginTest" name="loginWithWrongpasswordTest" time="0.0">
    <skipped/>
  </testcase> <!-- loginWithWrongpasswordTest -->
</testsuite> <!-- Default test(failed) -->
